  [1m[36mSQL (51.4ms)[0m  [1mCREATE EXTENSION IF NOT EXISTS "plpgsql"[0m
  [1m[35m (5.3ms)[0m  CREATE TABLE "events" ("id" serial primary key, "location" character varying(255), "created_at" timestamp, "updated_at" timestamp) 
  [1m[36m (1.0ms)[0m  [1mCREATE TABLE "schema_migrations" ("version" character varying(255) NOT NULL) [0m
  [1m[35m (5.3ms)[0m  CREATE UNIQUE INDEX "unique_schema_migrations" ON "schema_migrations" ("version")
  [1m[36m (0.4ms)[0m  [1mSELECT version FROM "schema_migrations"[0m
  [1m[35m (1.4ms)[0m  INSERT INTO "schema_migrations" (version) VALUES ('20131216161123')
  [1m[36mActiveRecord::SchemaMigration Load (0.6ms)[0m  [1mSELECT "schema_migrations".* FROM "schema_migrations"[0m


Started GET "/articles" for 127.0.0.1 at 2017-05-29 13:17:21 -0400
  [1m[36mActiveRecord::SchemaMigration Load (0.6ms)[0m  [1mSELECT "schema_migrations".* FROM "schema_migrations"[0m

ActionController::RoutingError (No route matches [GET] "/articles"):
  actionpack (4.0.2) lib/action_dispatch/middleware/debug_exceptions.rb:21:in `call'
  actionpack (4.0.2) lib/action_dispatch/middleware/show_exceptions.rb:30:in `call'
  railties (4.0.2) lib/rails/rack/logger.rb:38:in `call_app'
  railties (4.0.2) lib/rails/rack/logger.rb:20:in `block in call'
  activesupport (4.0.2) lib/active_support/tagged_logging.rb:67:in `block in tagged'
  activesupport (4.0.2) lib/active_support/tagged_logging.rb:25:in `tagged'
  activesupport (4.0.2) lib/active_support/tagged_logging.rb:67:in `tagged'
  railties (4.0.2) lib/rails/rack/logger.rb:20:in `call'
  quiet_assets (1.1.0) lib/quiet_assets.rb:27:in `call_with_quiet_assets'
  actionpack (4.0.2) lib/action_dispatch/middleware/request_id.rb:21:in `call'
  rack (1.5.5) lib/rack/methodoverride.rb:21:in `call'
  rack (1.5.5) lib/rack/runtime.rb:17:in `call'
  activesupport (4.0.2) lib/active_support/cache/strategy/local_cache.rb:83:in `call'
  rack (1.5.5) lib/rack/lock.rb:17:in `call'
  actionpack (4.0.2) lib/action_dispatch/middleware/static.rb:64:in `call'
  rack (1.5.5) lib/rack/sendfile.rb:112:in `call'
  railties (4.0.2) lib/rails/engine.rb:511:in `call'
  railties (4.0.2) lib/rails/application.rb:97:in `call'
  rack (1.5.5) lib/rack/lock.rb:17:in `call'
  rack (1.5.5) lib/rack/content_length.rb:14:in `call'
  rack (1.5.5) lib/rack/handler/webrick.rb:60:in `service'
  /Users/johnmendes/.rubies/ruby-2.2.5/lib/ruby/2.2.0/webrick/httpserver.rb:138:in `service'
  /Users/johnmendes/.rubies/ruby-2.2.5/lib/ruby/2.2.0/webrick/httpserver.rb:94:in `run'
  /Users/johnmendes/.rubies/ruby-2.2.5/lib/ruby/2.2.0/webrick/server.rb:294:in `block in start_thread'


  Rendered /Users/johnmendes/.gem/ruby/2.2.5/gems/actionpack-4.0.2/lib/action_dispatch/middleware/templates/rescues/_trace.erb (0.9ms)
  Rendered /Users/johnmendes/.gem/ruby/2.2.5/gems/actionpack-4.0.2/lib/action_dispatch/middleware/templates/routes/_route.html.erb (0.9ms)
  Rendered /Users/johnmendes/.gem/ruby/2.2.5/gems/actionpack-4.0.2/lib/action_dispatch/middleware/templates/routes/_table.html.erb (2.9ms)
  Rendered /Users/johnmendes/.gem/ruby/2.2.5/gems/actionpack-4.0.2/lib/action_dispatch/middleware/templates/rescues/routing_error.erb within rescues/layout (44.0ms)


Started GET "/" for 127.0.0.1 at 2017-05-29 13:17:24 -0400
Processing by Rails::WelcomeController#index as HTML
  Rendered /Users/johnmendes/.gem/ruby/2.2.5/gems/railties-4.0.2/lib/rails/templates/rails/welcome/index.html.erb (0.5ms)
Completed 200 OK in 12ms (Views: 4.2ms | ActiveRecord: 0.0ms)


Started GET "/events" for 127.0.0.1 at 2017-05-29 13:17:31 -0400
Processing by EventsController#index as HTML
  [1m[35mEvent Load (0.6ms)[0m  SELECT "events".* FROM "events"
  Rendered events/index.html.erb within layouts/application (1.6ms)
Completed 200 OK in 904ms (Views: 899.6ms | ActiveRecord: 0.6ms)


Started GET "/events/new" for 127.0.0.1 at 2017-05-29 13:17:34 -0400
Processing by EventsController#new as HTML
  Rendered events/_form.html.erb (13.0ms)
  Rendered events/new.html.erb within layouts/application (14.5ms)
Completed 200 OK in 23ms (Views: 19.1ms | ActiveRecord: 2.6ms)


Started GET "/events" for 127.0.0.1 at 2017-05-29 13:17:36 -0400
Processing by EventsController#index as HTML
  [1m[36mEvent Load (0.4ms)[0m  [1mSELECT "events".* FROM "events"[0m
  Rendered events/index.html.erb within layouts/application (1.0ms)
Completed 200 OK in 6ms (Views: 5.5ms | ActiveRecord: 0.4ms)
